Looking for git in: git
Using git 2.27.0 from git
> git rev-parse --show-toplevel
> git rev-parse --git-dir
Open repository: /home/dustin/.repos/Benis3D
> git status -z -u
> git check-ignore -v -z --stdin
> git symbolic-ref --short HEAD
> git rev-parse master
> git rev-parse --symbolic-full-name master@{u}
> git rev-list --left-right master...refs/remotes/origin/master
> git for-each-ref --format %(refname) %(objectname) --sort -committerdate
> git remote --verbose
Failed to watch ref '/home/dustin/.repos/Benis3D/.git/refs/remotes/origin/master', is most likely packed.
Error: ENOENT: no such file or directory, watch '/home/dustin/.repos/Benis3D/.git/refs/remotes/origin/master'
	at FSWatcher.start (internal/fs/watchers.js:165:26)
	at Object.watch (fs.js:1270:11)
	at Object.t.watch (/usr/lib/code/extensions/git/dist/main.js:1:606659)
	at T.updateTransientWatchers (/usr/lib/code/extensions/git/dist/main.js:1:84393)
	at e.fire (/usr/lib/code/out/vs/workbench/services/extensions/node/extensionHostProcess.js:46:242)
	at e.updateModelState (/usr/lib/code/extensions/git/dist/main.js:1:103799)
> git config --get commit.template
> git show :main.c
> git ls-files --stage -- /home/dustin/.repos/Benis3D/main.c
> git cat-file -s 85fa3909f1237b5c2e2b6a6d6a1940d4f4228083
> git check-ignore -v -z --stdin
> git status -z -u
> git symbolic-ref --short HEAD
> git rev-parse master
> git rev-parse --symbolic-full-name master@{u}
> git rev-list --left-right master...refs/remotes/origin/master
> git for-each-ref --format %(refname) %(objectname) --sort -committerdate
> git remote --verbose
Failed to watch ref '/home/dustin/.repos/Benis3D/.git/refs/remotes/origin/master', is most likely packed.
Error: ENOENT: no such file or directory, watch '/home/dustin/.repos/Benis3D/.git/refs/remotes/origin/master'
	at FSWatcher.start (internal/fs/watchers.js:165:26)
	at Object.watch (fs.js:1270:11)
	at Object.t.watch (/usr/lib/code/extensions/git/dist/main.js:1:606659)
	at T.updateTransientWatchers (/usr/lib/code/extensions/git/dist/main.js:1:84393)
	at e.fire (/usr/lib/code/out/vs/workbench/services/extensions/node/extensionHostProcess.js:46:242)
	at e.updateModelState (/usr/lib/code/extensions/git/dist/main.js:1:103799)
> git config --get commit.template
